c:\users\ccg\desktop\proyecto_1_v2\proyecto_1\debug\camera.obj
c:\users\ccg\desktop\proyecto_1_v2\proyecto_1\debug\glslprogram.obj
c:\users\ccg\desktop\proyecto_1_v2\proyecto_1\debug\main.obj
c:\users\ccg\desktop\proyecto_1_v2\proyecto_1\debug\object.obj
c:\users\ccg\desktop\proyecto_1_v2\proyecto_1\debug\scene.obj
c:\users\ccg\desktop\proyecto_1_v2\proyecto_1\debug\userinterface.obj
c:\users\ccg\desktop\proyecto_1_v2\proyecto_1\debug\vc110.pdb
c:\users\ccg\desktop\proyecto_1_v2\debug\proyecto_1.ilk
c:\users\ccg\desktop\proyecto_1_v2\debug\proyecto_1.exe
c:\users\ccg\desktop\proyecto_1_v2\debug\proyecto_1.pdb
c:\users\carlos\desktop\p1\proyecto_1\debug\vc120.pdb
c:\users\carlos\desktop\p1\proyecto_1\debug\vc120.idb
c:\users\carlos\desktop\p1\proyecto_1\debug\camera.obj
c:\users\carlos\desktop\p1\proyecto_1\debug\glslprogram.obj
c:\users\carlos\desktop\p1\proyecto_1\debug\main.obj
c:\users\carlos\desktop\p1\proyecto_1\debug\object.obj
c:\users\carlos\desktop\p1\proyecto_1\debug\scene.obj
c:\users\carlos\desktop\p1\proyecto_1\debug\userinterface.obj
c:\users\carlos\desktop\p1\proyecto_1\debug\cl.command.1.tlog
c:\users\carlos\desktop\p1\proyecto_1\debug\cl.read.1.tlog
c:\users\carlos\desktop\p1\proyecto_1\debug\cl.write.1.tlog
c:\users\carlos\desktop\p1\proyecto_1\debug\link-cvtres.read.1.tlog
c:\users\carlos\desktop\p1\proyecto_1\debug\link-cvtres.write.1.tlog
c:\users\carlos\desktop\p1\proyecto_1\debug\link-rc.read.1.tlog
c:\users\carlos\desktop\p1\proyecto_1\debug\link-rc.write.1.tlog
c:\users\carlos\desktop\p1\proyecto_1\debug\link.command.1.tlog
c:\users\carlos\desktop\p1\proyecto_1\debug\link.read.1.tlog
c:\users\carlos\desktop\p1\proyecto_1\debug\link.write.1.tlog
c:\users\carlos\desktop\p1\proyecto_1\debug\vc110.idb
c:\users\carlos\desktop\p1\proyecto_1\debug\vc110.pdb
c:\users\carlos\desktop\p1\debug\proyecto_1.pdb
c:\users\carlos\desktop\p1\proyecto_1\debug\proyecto_1.tlog\cl.command.1.tlog
c:\users\carlos\desktop\p1\proyecto_1\debug\proyecto_1.tlog\cl.read.1.tlog
c:\users\carlos\desktop\p1\proyecto_1\debug\proyecto_1.tlog\cl.write.1.tlog
c:\users\carlos\desktop\p1\proyecto_1\debug\proyecto_1.tlog\link.2620-cvtres.read.1.tlog
c:\users\carlos\desktop\p1\proyecto_1\debug\proyecto_1.tlog\link.2620-cvtres.write.1.tlog
c:\users\carlos\desktop\p1\proyecto_1\debug\proyecto_1.tlog\link.2620-rc.read.1.tlog
c:\users\carlos\desktop\p1\proyecto_1\debug\proyecto_1.tlog\link.2620-rc.write.1.tlog
c:\users\carlos\desktop\p1\proyecto_1\debug\proyecto_1.tlog\link.2620.read.1.tlog
c:\users\carlos\desktop\p1\proyecto_1\debug\proyecto_1.tlog\link.2620.write.1.tlog
c:\users\carlos\desktop\p1\proyecto_1\debug\proyecto_1.tlog\link.command.1.tlog
c:\users\carlos\desktop\p1\proyecto_1\debug\proyecto_1.tlog\link.read.1.tlog
c:\users\carlos\desktop\p1\proyecto_1\debug\proyecto_1.tlog\link.write.1.tlog
